[2025-11-22 01:03:40] WARN [BankClient] Неудачный вход пользователя: user1
[2025-11-22 01:03:56] WARN [BankClient] Неудачный вход пользователя: admin
[2025-11-22 01:11:04] WARN [BankClient] Неудачный вход пользователя: user1
[2025-11-22 01:14:30] WARN [BankClient] Неудачный вход пользователя: user1
[2025-11-22 01:14:38] WARN [BankClient] Неудачный вход пользователя: user1
[2025-11-22 01:14:40] WARN [BankClient] Неудачный вход пользователя: user1
[2025-11-22 01:17:07] INFO [BankClient] Успешный вход пользователя: user1
[2025-11-22 01:17:15] INFO [BankClient] Операция CREATE_ACCOUNT (пользователь: user1): Счет успешно создан: ACC1763759801518
[2025-11-22 01:17:24] INFO [BankClient] Операция GET_ACCOUNTS (пользователь: user1): Счета получены
[2025-11-22 01:36:38] INFO [BankClient] Подключение к серверу установлено
[2025-11-22 01:36:53] INFO [BankClient] Операция REGISTER: Пользователь с таким логином уже существует
[2025-11-22 01:37:07] INFO [BankClient] Операция LOGIN: Авторизация успешна
[2025-11-22 01:37:07] INFO [BankClient] Успешный вход пользователя: admin
[2025-11-22 01:37:12] INFO [BankClient] Операция GET_ACCOUNTS (пользователь: admin): Счета получены
[2025-11-22 01:37:18] INFO [BankClient] Операция GET_ACCOUNTS (пользователь: admin): Счета получены
[2025-11-22 01:37:23] INFO [BankClient] Операция CREATE_ACCOUNT (пользователь: admin): Счет успешно создан: ACC1763760989400
[2025-11-22 01:37:29] INFO [BankClient] Операция GET_ACCOUNTS (пользователь: admin): Счета получены
[2025-11-22 01:37:38] INFO [BankClient] Операция DEPOSIT (пользователь: admin): Счет успешно пополнен
[2025-11-22 01:38:35] INFO [BankClient] Подключение к серверу установлено
[2025-11-22 01:38:46] INFO [BankClient] Операция LOGIN: Авторизация успешна
[2025-11-22 01:38:46] INFO [BankClient] Успешный вход пользователя: user1
[2025-11-22 01:38:55] INFO [BankClient] Операция CREATE_ACCOUNT (пользователь: user1): Счет успешно создан: ACC1763760989401
[2025-11-22 01:38:58] INFO [BankClient] Операция GET_ACCOUNTS (пользователь: user1): Счета получены
[2025-11-22 01:39:01] INFO [BankClient] Операция GET_ACCOUNTS (пользователь: user1): Счета получены
[2025-11-22 01:39:09] INFO [BankClient] Операция GET_ACCOUNTS (пользователь: user1): Счета получены
[2025-11-22 01:39:16] INFO [BankClient] Операция GET_ACCOUNTS (пользователь: user1): Счета получены
[2025-11-22 01:39:19] INFO [BankClient] Операция GET_ACCOUNTS (пользователь: user1): Счета получены
[2025-11-22 01:42:22] INFO [BankClient] Подключение к серверу установлено
[2025-11-22 01:42:30] INFO [BankClient] Подключение к серверу установлено
[2025-11-22 01:42:42] INFO [BankClient] Операция REGISTER: Регистрация успешна
[2025-11-22 01:43:00] INFO [BankClient] Операция REGISTER: Регистрация успешна
[2025-11-22 01:43:05] INFO [BankClient] Операция LOGIN: Авторизация успешна
[2025-11-22 01:43:05] INFO [BankClient] Успешный вход пользователя: Sergey
[2025-11-22 01:43:19] INFO [BankClient] Операция LOGIN: Авторизация успешна
[2025-11-22 01:43:19] INFO [BankClient] Успешный вход пользователя: Vova
[2025-11-22 01:43:27] INFO [BankClient] Операция CREATE_ACCOUNT (пользователь: Vova): Счет успешно создан: ACC1763761327956
[2025-11-22 01:43:29] INFO [BankClient] Операция GET_ACCOUNTS (пользователь: Vova): Счета получены
[2025-11-22 01:43:34] INFO [BankClient] Операция GET_ACCOUNTS (пользователь: Vova): Счета получены
[2025-11-22 01:43:43] INFO [BankClient] Операция DEPOSIT (пользователь: Vova): Счет успешно пополнен
[2025-11-22 01:43:48] INFO [BankClient] Операция GET_ACCOUNTS (пользователь: Vova): Счета получены
[2025-11-22 01:44:05] INFO [BankClient] Операция GET_ACCOUNTS (пользователь: Vova): Счета получены
[2025-11-22 01:44:09] INFO [BankClient] Операция GET_ACCOUNTS (пользователь: Vova): Счета получены
[2025-11-22 01:44:12] INFO [BankClient] Операция DEPOSIT (пользователь: Vova): Счет успешно пополнен
[2025-11-22 01:44:15] INFO [BankClient] Операция GET_ACCOUNTS (пользователь: Vova): Счета получены
[2025-11-22 01:45:29] INFO [BankClient] Операция LOGOUT (пользователь: Vova): Выход выполнен
[2025-11-22 01:45:29] INFO [BankClient] Пользователь Vova вышел из системы
[2025-11-22 01:45:29] INFO [BankClient] Отключение от сервера
[2025-11-22 01:45:29] INFO [BankClient] Подключение к серверу установлено
[2025-11-22 01:45:29] INFO [BankClient] Операция LOGOUT: Требуется авторизация
[2025-11-22 01:45:29] INFO [BankClient] Отключение от сервера
[2025-11-22 01:45:43] INFO [BankClient] Подключение к серверу установлено
[2025-11-22 01:45:47] INFO [BankClient] Операция LOGIN: Авторизация успешна
[2025-11-22 01:45:47] INFO [BankClient] Успешный вход пользователя: Vova
[2025-11-22 01:45:50] INFO [BankClient] Операция GET_ACCOUNTS (пользователь: Vova): Счета получены
[2025-11-22 01:46:03] INFO [BankClient] Операция GET_ACCOUNTS (пользователь: Vova): Счета получены
[2025-11-22 01:46:15] INFO [BankClient] Операция CREATE_ACCOUNT (пользователь: Sergey): Счет успешно создан: ACC1763761327957
[2025-11-22 01:46:21] INFO [BankClient] Операция GET_ACCOUNTS (пользователь: Sergey): Счета получены
[2025-11-22 01:46:29] INFO [BankClient] Операция DEPOSIT (пользователь: Sergey): Счет успешно пополнен
[2025-11-22 01:46:31] INFO [BankClient] Операция GET_ACCOUNTS (пользователь: Sergey): Счета получены
[2025-11-22 01:46:35] INFO [BankClient] Операция GET_ACCOUNTS (пользователь: Sergey): Счета получены
[2025-11-22 01:46:38] INFO [BankClient] Операция GET_BALANCE (пользователь: Sergey): Баланс получен
[2025-11-22 01:46:44] INFO [BankClient] Операция LOGOUT (пользователь: Sergey): Выход выполнен
[2025-11-22 01:46:44] INFO [BankClient] Пользователь Sergey вышел из системы
[2025-11-22 01:46:44] INFO [BankClient] Отключение от сервера
[2025-11-22 01:46:44] INFO [BankClient] Подключение к серверу установлено
[2025-11-22 01:46:44] INFO [BankClient] Операция LOGOUT: Требуется авторизация
[2025-11-22 01:46:44] INFO [BankClient] Отключение от сервера
[2025-11-22 02:01:35] INFO [BankClient] Подключение к серверу установлено
[2025-11-22 02:01:46] INFO [BankClient] Операция REGISTER: Регистрация успешна
[2025-11-22 02:01:55] INFO [BankClient] Операция LOGIN: Авторизация успешна
[2025-11-22 02:01:55] INFO [BankClient] Успешный вход пользователя: user1
[2025-11-22 02:02:02] INFO [BankClient] Подключение к серверу установлено
[2025-11-22 02:02:13] INFO [BankClient] Операция REGISTER: Регистрация успешна
[2025-11-22 02:02:17] INFO [BankClient] Операция LOGIN: Авторизация успешна
[2025-11-22 02:02:17] INFO [BankClient] Успешный вход пользователя: user2
[2025-11-22 02:02:36] INFO [BankClient] Операция CREATE_ACCOUNT (пользователь: user2): Счет успешно создан: ACC1763762486605
[2025-11-22 02:02:46] INFO [BankClient] Операция CREATE_ACCOUNT (пользователь: user1): Счет успешно создан: ACC1763762486606
[2025-11-22 02:03:14] INFO [BankClient] Операция GET_ACCOUNTS (пользователь: user1): Счета получены
[2025-11-22 02:03:21] INFO [BankClient] Операция DEPOSIT (пользователь: user1): Счет успешно пополнен
[2025-11-22 02:03:21] INFO [BankClient] Операция GET_BALANCE (пользователь: user1): Баланс получен
[2025-11-22 02:03:22] INFO [BankClient] Операция GET_ACCOUNTS (пользователь: user1): Счета получены
[2025-11-22 02:03:28] INFO [BankClient] Операция GET_ACCOUNTS (пользователь: user1): Счета получены
[2025-11-22 02:03:39] INFO [BankClient] Операция GET_ACCOUNTS (пользователь: user1): Счета получены
[2025-11-22 02:03:42] INFO [BankClient] Операция GET_ACCOUNTS (пользователь: user1): Счета получены
[2025-11-22 02:03:51] INFO [BankClient] Операция GET_ACCOUNTS (пользователь: user1): Счета получены
[2025-11-22 02:03:53] INFO [BankClient] Операция GET_TRANSACTIONS (пользователь: user1): История транзакций получена
[2025-11-22 02:03:58] INFO [BankClient] Операция GET_ACCOUNTS (пользователь: user1): Счета получены
[2025-11-22 02:04:42] INFO [BankClient] Операция CREATE_ACCOUNT (пользователь: user1): Счет успешно создан: ACC1763762486607
[2025-11-22 02:04:46] INFO [BankClient] Операция GET_ACCOUNTS (пользователь: user1): Счета получены
[2025-11-22 02:04:57] INFO [BankClient] Операция GET_ACCOUNTS (пользователь: user1): Счета получены
[2025-11-22 02:05:01] INFO [BankClient] Операция LOGOUT (пользователь: user1): Выход выполнен
[2025-11-22 02:05:01] INFO [BankClient] Пользователь user1 вышел из системы
[2025-11-22 02:05:01] INFO [BankClient] Отключение от сервера
[2025-11-22 02:05:01] INFO [BankClient] Подключение к серверу установлено
[2025-11-22 02:05:01] INFO [BankClient] Операция LOGOUT: Требуется авторизация
[2025-11-22 02:05:01] INFO [BankClient] Отключение от сервера
[2025-11-22 02:05:04] INFO [BankClient] Подключение к серверу установлено
[2025-11-22 02:05:10] INFO [BankClient] Операция LOGIN: Авторизация успешна
[2025-11-22 02:05:10] INFO [BankClient] Успешный вход пользователя: user1
[2025-11-22 02:05:13] INFO [BankClient] Операция GET_ACCOUNTS (пользователь: user1): Счета получены
[2025-11-22 02:05:24] INFO [BankClient] Операция GET_ACCOUNTS (пользователь: user1): Счета получены
[2025-11-22 02:05:29] INFO [BankClient] Операция DEPOSIT (пользователь: user1): Счет успешно пополнен
[2025-11-22 02:05:29] INFO [BankClient] Операция GET_BALANCE (пользователь: user1): Баланс получен
[2025-11-22 02:05:43] INFO [BankClient] Операция GET_ACCOUNTS (пользователь: user1): Счета получены
[2025-11-22 02:06:00] INFO [BankClient] Операция GET_BALANCE (пользователь: user1): Баланс получен
[2025-11-22 02:08:10] INFO [BankClient] Подключение к серверу установлено
[2025-11-22 02:08:19] INFO [BankClient] Операция LOGIN: Авторизация успешна
[2025-11-22 02:08:19] INFO [BankClient] Успешный вход пользователя: user1
[2025-11-22 02:08:22] INFO [BankClient] Операция GET_ACCOUNTS (пользователь: user1): Счета получены
[2025-11-22 02:08:30] INFO [BankClient] Операция CREATE_ACCOUNT (пользователь: user1): Счет успешно создан: ACC1763762880739
[2025-11-22 02:08:33] INFO [BankClient] Операция GET_ACCOUNTS (пользователь: user1): Счета получены
[2025-11-22 02:12:05] INFO [BankClient] Подключение к серверу установлено
[2025-11-22 02:12:12] INFO [BankClient] Операция LOGIN: Авторизация успешна
[2025-11-22 02:12:12] INFO [BankClient] Успешный вход пользователя: user1
[2025-11-22 02:12:14] INFO [BankClient] Операция GET_ACCOUNTS (пользователь: user1): Счета получены
[2025-11-22 02:12:14] INFO [BankClient] Операция GET_BALANCE (пользователь: user1): Баланс получен
[2025-11-22 02:12:14] INFO [BankClient] Операция GET_BALANCE (пользователь: user1): Баланс получен
[2025-11-22 02:12:14] INFO [BankClient] Операция GET_BALANCE (пользователь: user1): Баланс получен
[2025-11-22 02:12:25] INFO [BankClient] Операция GET_ACCOUNTS (пользователь: user1): Счета получены
[2025-11-22 02:12:25] INFO [BankClient] Операция GET_BALANCE (пользователь: user1): Баланс получен
[2025-11-22 02:12:25] INFO [BankClient] Операция GET_BALANCE (пользователь: user1): Баланс получен
[2025-11-22 02:12:25] INFO [BankClient] Операция GET_BALANCE (пользователь: user1): Баланс получен
[2025-11-22 02:12:42] INFO [BankClient] Операция CREATE_ACCOUNT (пользователь: user1): Счет успешно создан: ACC1763763120619
[2025-11-22 02:12:45] INFO [BankClient] Операция GET_ACCOUNTS (пользователь: user1): Счета получены
[2025-11-22 02:12:45] INFO [BankClient] Операция GET_BALANCE (пользователь: user1): Баланс получен
[2025-11-22 02:12:45] INFO [BankClient] Операция GET_BALANCE (пользователь: user1): Баланс получен
[2025-11-22 02:12:45] INFO [BankClient] Операция GET_BALANCE (пользователь: user1): Баланс получен
[2025-11-22 02:12:45] INFO [BankClient] Операция GET_BALANCE (пользователь: user1): Баланс получен
[2025-11-22 02:12:52] INFO [BankClient] Операция DEPOSIT (пользователь: user1): Счет успешно пополнен
[2025-11-22 02:12:52] INFO [BankClient] Операция GET_BALANCE (пользователь: user1): Баланс получен
[2025-11-22 02:12:58] INFO [BankClient] Операция GET_ACCOUNTS (пользователь: user1): Счета получены
[2025-11-22 02:12:58] INFO [BankClient] Операция GET_BALANCE (пользователь: user1): Баланс получен
[2025-11-22 02:12:58] INFO [BankClient] Операция GET_BALANCE (пользователь: user1): Баланс получен
[2025-11-22 02:12:58] INFO [BankClient] Операция GET_BALANCE (пользователь: user1): Баланс получен
[2025-11-22 02:12:58] INFO [BankClient] Операция GET_BALANCE (пользователь: user1): Баланс получен
[2025-11-22 02:13:18] INFO [BankClient] Подключение к серверу установлено
[2025-11-22 02:13:28] INFO [BankClient] Операция LOGIN: Неверный логин или пароль
[2025-11-22 02:13:28] WARN [BankClient] Неудачный вход пользователя: Sergey
[2025-11-22 02:13:36] INFO [BankClient] Операция LOGIN: Авторизация успешна
[2025-11-22 02:13:36] INFO [BankClient] Успешный вход пользователя: user2
[2025-11-22 02:13:39] INFO [BankClient] Операция GET_ACCOUNTS (пользователь: user2): Счета получены
[2025-11-22 02:13:39] INFO [BankClient] Операция GET_BALANCE (пользователь: user2): Баланс получен
[2025-11-22 02:13:51] INFO [BankClient] Операция GET_ACCOUNTS (пользователь: user1): Счета получены
[2025-11-22 02:13:51] INFO [BankClient] Операция GET_BALANCE (пользователь: user1): Баланс получен
[2025-11-22 02:13:51] INFO [BankClient] Операция GET_BALANCE (пользователь: user1): Баланс получен
[2025-11-22 02:13:51] INFO [BankClient] Операция GET_BALANCE (пользователь: user1): Баланс получен
[2025-11-22 02:13:51] INFO [BankClient] Операция GET_BALANCE (пользователь: user1): Баланс получен
[2025-11-22 02:14:09] INFO [BankClient] Операция GET_ACCOUNTS (пользователь: user1): Счета получены
[2025-11-22 02:18:11] INFO [BankClient] Подключение к серверу установлено
[2025-11-22 02:18:19] INFO [BankClient] Операция LOGIN: Авторизация успешна
[2025-11-22 02:18:19] INFO [BankClient] Успешный вход пользователя: user1
[2025-11-22 02:18:26] INFO [BankClient] Подключение к серверу установлено
[2025-11-22 02:18:38] INFO [BankClient] Операция LOGIN: Авторизация успешна
[2025-11-22 02:18:38] INFO [BankClient] Успешный вход пользователя: user2
[2025-11-22 02:18:43] INFO [BankClient] Операция GET_ACCOUNTS (пользователь: user2): Счета получены
[2025-11-22 02:18:43] INFO [BankClient] Операция GET_BALANCE (пользователь: user2): Баланс получен
[2025-11-22 02:18:50] INFO [BankClient] Операция GET_ACCOUNTS (пользователь: user1): Счета получены
[2025-11-22 02:18:50] INFO [BankClient] Операция GET_BALANCE (пользователь: user1): Баланс получен
[2025-11-22 02:18:50] INFO [BankClient] Операция GET_BALANCE (пользователь: user1): Баланс получен
[2025-11-22 02:18:50] INFO [BankClient] Операция GET_BALANCE (пользователь: user1): Баланс получен
[2025-11-22 02:18:50] INFO [BankClient] Операция GET_BALANCE (пользователь: user1): Баланс получен
[2025-11-22 02:19:02] INFO [BankClient] Операция GET_ACCOUNTS (пользователь: user1): Счета получены
[2025-11-22 02:19:10] INFO [BankClient] Операция TRANSFER (пользователь: user1): Перевод выполнен успешно. Конвертировано: 10,00 USD -> 1000,00 RUB
[2025-11-22 02:19:10] INFO [BankClient] Операция GET_BALANCE (пользователь: user1): Баланс получен
[2025-11-22 02:19:22] INFO [BankClient] Операция GET_BALANCE (пользователь: user2): Баланс получен
[2025-11-22 02:19:29] INFO [BankClient] Операция GET_ACCOUNTS (пользователь: user2): Счета получены
[2025-11-22 02:19:29] INFO [BankClient] Операция GET_BALANCE (пользователь: user2): Баланс получен
[2025-11-22 02:19:34] INFO [BankClient] Операция GET_TRANSACTIONS (пользователь: user2): История транзакций получена
[2025-11-22 02:19:42] INFO [BankClient] Операция LOGOUT (пользователь: user1): Выход выполнен
[2025-11-22 02:19:42] INFO [BankClient] Пользователь user1 вышел из системы
[2025-11-22 02:19:42] INFO [BankClient] Отключение от сервера
[2025-11-22 02:19:42] INFO [BankClient] Подключение к серверу установлено
[2025-11-22 02:19:42] INFO [BankClient] Операция LOGOUT: Требуется авторизация
[2025-11-22 02:19:42] INFO [BankClient] Отключение от сервера
[2025-11-22 02:19:48] INFO [BankClient] Операция LOGOUT (пользователь: user2): Выход выполнен
[2025-11-22 02:19:48] INFO [BankClient] Пользователь user2 вышел из системы
[2025-11-22 02:19:48] INFO [BankClient] Отключение от сервера
[2025-11-22 02:19:48] INFO [BankClient] Подключение к серверу установлено
[2025-11-22 02:19:48] INFO [BankClient] Операция LOGOUT: Требуется авторизация
[2025-11-22 02:19:48] INFO [BankClient] Отключение от сервера
[2025-11-22 11:27:39] INFO [BankClient] Подключение к серверу установлено
[2025-11-22 11:27:47] INFO [BankClient] Операция LOGIN: Авторизация успешна
[2025-11-22 11:27:47] INFO [BankClient] Успешный вход пользователя: user1
[2025-11-22 11:27:56] INFO [BankClient] Операция CREATE_ACCOUNT (пользователь: user1): Счет успешно создан: ACC1763796425472
[2025-11-22 11:27:58] INFO [BankClient] Операция GET_ACCOUNTS (пользователь: user1): Счета получены
[2025-11-22 11:27:58] INFO [BankClient] Операция GET_BALANCE (пользователь: user1): Баланс получен
[2025-11-22 11:27:58] INFO [BankClient] Операция GET_BALANCE (пользователь: user1): Баланс получен
[2025-11-22 11:27:58] INFO [BankClient] Операция GET_BALANCE (пользователь: user1): Баланс получен
[2025-11-22 11:27:58] INFO [BankClient] Операция GET_BALANCE (пользователь: user1): Баланс получен
[2025-11-22 11:27:58] INFO [BankClient] Операция GET_BALANCE (пользователь: user1): Баланс получен
[2025-11-22 11:28:01] INFO [BankClient] Операция GET_ACCOUNTS (пользователь: user1): Счета получены
[2025-11-22 11:28:01] INFO [BankClient] Операция GET_BALANCE (пользователь: user1): Баланс получен
[2025-11-22 11:28:01] INFO [BankClient] Операция GET_BALANCE (пользователь: user1): Баланс получен
[2025-11-22 11:28:01] INFO [BankClient] Операция GET_BALANCE (пользователь: user1): Баланс получен
[2025-11-22 11:28:01] INFO [BankClient] Операция GET_BALANCE (пользователь: user1): Баланс получен
[2025-11-22 11:28:01] INFO [BankClient] Операция GET_BALANCE (пользователь: user1): Баланс получен
[2025-11-22 11:28:05] INFO [BankClient] Операция DEPOSIT (пользователь: user1): Счет успешно пополнен
[2025-11-22 11:28:05] INFO [BankClient] Операция GET_BALANCE (пользователь: user1): Баланс получен
[2025-11-22 11:28:08] INFO [BankClient] Операция GET_ACCOUNTS (пользователь: user1): Счета получены
[2025-11-22 11:28:08] INFO [BankClient] Операция GET_BALANCE (пользователь: user1): Баланс получен
[2025-11-22 11:28:08] INFO [BankClient] Операция GET_BALANCE (пользователь: user1): Баланс получен
[2025-11-22 11:28:08] INFO [BankClient] Операция GET_BALANCE (пользователь: user1): Баланс получен
[2025-11-22 11:28:08] INFO [BankClient] Операция GET_BALANCE (пользователь: user1): Баланс получен
[2025-11-22 11:28:08] INFO [BankClient] Операция GET_BALANCE (пользователь: user1): Баланс получен
[2025-11-22 11:28:24] INFO [BankClient] Подключение к серверу установлено
[2025-11-22 11:28:34] INFO [BankClient] Операция LOGIN: Неверный логин или пароль
[2025-11-22 11:28:34] WARN [BankClient] Неудачный вход пользователя: Sergey'
[2025-11-22 11:28:39] INFO [BankClient] Операция LOGIN: Неверный логин или пароль
[2025-11-22 11:28:39] WARN [BankClient] Неудачный вход пользователя: Sergey
[2025-11-22 11:28:51] INFO [BankClient] Операция REGISTER: Регистрация успешна
[2025-11-22 11:28:57] INFO [BankClient] Операция LOGIN: Авторизация успешна
[2025-11-22 11:28:57] INFO [BankClient] Успешный вход пользователя: Sergey
[2025-11-22 11:29:26] INFO [BankClient] Операция CREATE_ACCOUNT (пользователь: Sergey): Счет успешно создан: ACC1763796425473
[2025-11-22 11:30:10] INFO [BankClient] Операция GET_ACCOUNTS (пользователь: user1): Счета получены
[2025-11-22 11:30:10] INFO [BankClient] Операция GET_BALANCE (пользователь: user1): Баланс получен
[2025-11-22 11:30:10] INFO [BankClient] Операция GET_BALANCE (пользователь: user1): Баланс получен
[2025-11-22 11:30:10] INFO [BankClient] Операция GET_BALANCE (пользователь: user1): Баланс получен
[2025-11-22 11:30:10] INFO [BankClient] Операция GET_BALANCE (пользователь: user1): Баланс получен
[2025-11-22 11:30:10] INFO [BankClient] Операция GET_BALANCE (пользователь: user1): Баланс получен
[2025-11-22 11:30:16] INFO [BankClient] Операция GET_ACCOUNTS (пользователь: user1): Счета получены
[2025-11-22 11:31:04] INFO [BankClient] Операция GET_ACCOUNTS (пользователь: user1): Счета получены
[2025-11-22 11:31:04] INFO [BankClient] Операция GET_BALANCE (пользователь: user1): Баланс получен
[2025-11-22 11:31:04] INFO [BankClient] Операция GET_BALANCE (пользователь: user1): Баланс получен
[2025-11-22 11:31:04] INFO [BankClient] Операция GET_BALANCE (пользователь: user1): Баланс получен
[2025-11-22 11:31:04] INFO [BankClient] Операция GET_BALANCE (пользователь: user1): Баланс получен
[2025-11-22 11:31:04] INFO [BankClient] Операция GET_BALANCE (пользователь: user1): Баланс получен
[2025-11-22 11:31:06] INFO [BankClient] Операция GET_BALANCE (пользователь: user1): Баланс получен
[2025-11-22 11:31:13] INFO [BankClient] Операция GET_ACCOUNTS (пользователь: user1): Счета получены
[2025-11-22 11:31:13] INFO [BankClient] Операция GET_BALANCE (пользователь: user1): Баланс получен
[2025-11-22 11:31:13] INFO [BankClient] Операция GET_BALANCE (пользователь: user1): Баланс получен
[2025-11-22 11:31:13] INFO [BankClient] Операция GET_BALANCE (пользователь: user1): Баланс получен
[2025-11-22 11:31:13] INFO [BankClient] Операция GET_BALANCE (пользователь: user1): Баланс получен
[2025-11-22 11:31:13] INFO [BankClient] Операция GET_BALANCE (пользователь: user1): Баланс получен
[2025-11-22 11:35:06] INFO [BankClient] Операция GET_ACCOUNTS (пользователь: Sergey): Счета получены
[2025-11-22 11:35:06] INFO [BankClient] Операция GET_BALANCE (пользователь: Sergey): Баланс получен
[2025-11-22 11:35:10] INFO [BankClient] Операция GET_ACCOUNTS (пользователь: Sergey): Счета получены
[2025-11-22 11:35:10] INFO [BankClient] Операция GET_BALANCE (пользователь: Sergey): Баланс получен
[2025-11-22 11:35:13] INFO [BankClient] Операция DEPOSIT (пользователь: Sergey): Счет успешно пополнен
[2025-11-22 11:35:13] INFO [BankClient] Операция GET_BALANCE (пользователь: Sergey): Баланс получен
[2025-11-22 11:35:15] INFO [BankClient] Операция GET_ACCOUNTS (пользователь: Sergey): Счета получены
[2025-11-22 11:35:15] INFO [BankClient] Операция GET_BALANCE (пользователь: Sergey): Баланс получен
[2025-11-22 11:35:17] INFO [BankClient] Операция GET_BALANCE (пользователь: Sergey): Баланс получен
[2025-11-22 11:35:20] INFO [BankClient] Операция GET_ACCOUNTS (пользователь: Sergey): Счета получены
[2025-11-22 11:35:20] INFO [BankClient] Операция GET_BALANCE (пользователь: Sergey): Баланс получен
[2025-11-22 11:35:30] INFO [BankClient] Операция GET_ACCOUNTS (пользователь: Sergey): Счета получены
