<<<<<<< Updated upstream
<<<<<<< Updated upstream
[2025-11-22 01:00:45] WARN [BankServer] Не удалось загрузить пользователей: data\users.json
[2025-11-22 01:00:45] WARN [BankServer] Не удалось загрузить счета: data\accounts.json
[2025-11-22 01:00:45] INFO [BankServer] Сервер банка запускается на порту 12345
[2025-11-22 01:00:45] INFO [BankServer] Сервер банка успешно запущен
[2025-11-22 01:03:13] INFO [BankServer] Новое подключение: /127.0.0.1
[2025-11-22 01:03:40] WARN [BankServer] Неудачная попытка авторизации для пользователя: user1
[2025-11-22 01:03:56] WARN [BankServer] Неудачная попытка авторизации для пользователя: admin
[2025-11-22 01:07:02] WARN [BankServer] Не удалось загрузить пользователей: data\users.json
[2025-11-22 01:07:02] WARN [BankServer] Не удалось загрузить счета: data\accounts.json
[2025-11-22 01:07:02] INFO [BankServer] Сервер банка запускается на порту 12345
[2025-11-22 01:07:02] INFO [BankServer] Сервер банка успешно запущен
[2025-11-22 01:10:33] WARN [BankServer] Не удалось загрузить пользователей: data\users.json
[2025-11-22 01:10:33] WARN [BankServer] Не удалось загрузить счета: data\accounts.json
[2025-11-22 01:10:33] INFO [BankServer] Сервер банка запускается на порту 12345
[2025-11-22 01:10:33] INFO [BankServer] Сервер банка успешно запущен
[2025-11-22 01:10:45] INFO [BankServer] Новое подключение: /127.0.0.1
[2025-11-22 01:11:04] WARN [BankServer] Неудачная попытка авторизации для пользователя: user1
[2025-11-22 01:14:30] WARN [BankServer] Неудачная попытка авторизации для пользователя: user1
[2025-11-22 01:14:38] WARN [BankServer] Неудачная попытка авторизации для пользователя: user1
[2025-11-22 01:14:40] WARN [BankServer] Неудачная попытка авторизации для пользователя: user1
[2025-11-22 01:16:41] INFO [BankServer] Сервер банка запускается на порту 12345
[2025-11-22 01:16:41] INFO [BankServer] Сервер банка успешно запущен
[2025-11-22 01:17:01] INFO [BankServer] Новое подключение: /127.0.0.1
[2025-11-22 01:17:07] INFO [BankServer] Пользователь user1 успешно авторизован
[2025-11-22 01:17:15] INFO [BankServer] Создан новый счет ACC1763759801518 для пользователя user1
[2025-11-22 01:19:50] ERROR [BankServer] Ошибка обработки клиента: Connection reset
[2025-11-22 01:19:50] INFO [BankServer] Клиент отключен: user1
[2025-11-22 01:36:29] WARN [BankServer] Не удалось загрузить транзакции: data\transactions.json
[2025-11-22 01:36:29] INFO [BankServer] Сервер банка запускается на порту 12345
[2025-11-22 01:36:29] INFO [BankServer] Сервер банка успешно запущен
[2025-11-22 01:36:38] INFO [BankServer] Новое подключение: /127.0.0.1
[2025-11-22 01:37:07] INFO [BankServer] Пользователь admin успешно авторизован
[2025-11-22 01:37:23] INFO [BankServer] Создан новый счет ACC1763760989400 для пользователя admin
[2025-11-22 01:37:38] INFO [BankServer] Пополнение счета ACC1763760989400 на сумму 10000.0
[2025-11-22 01:38:35] INFO [BankServer] Новое подключение: /127.0.0.1
[2025-11-22 01:38:46] INFO [BankServer] Пользователь user1 успешно авторизован
[2025-11-22 01:38:55] INFO [BankServer] Создан новый счет ACC1763760989401 для пользователя user1
[2025-11-22 01:42:08] INFO [BankServer] Сервер банка запускается на порту 12345
[2025-11-22 01:42:08] INFO [BankServer] Сервер банка успешно запущен
[2025-11-22 01:42:22] INFO [BankServer] Новое подключение: /127.0.0.1
[2025-11-22 01:42:30] INFO [BankServer] Новое подключение: /127.0.0.1
[2025-11-22 01:42:42] INFO [BankServer] Зарегистрирован новый пользователь: Vova
[2025-11-22 01:43:00] INFO [BankServer] Зарегистрирован новый пользователь: Sergey
[2025-11-22 01:43:05] INFO [BankServer] Пользователь Sergey успешно авторизован
[2025-11-22 01:43:19] INFO [BankServer] Пользователь Vova успешно авторизован
[2025-11-22 01:43:27] INFO [BankServer] Создан новый счет ACC1763761327956 для пользователя Vova
[2025-11-22 01:43:43] INFO [BankServer] Пополнение счета ACC1763761327956 на сумму 11200.0
[2025-11-22 01:44:12] INFO [BankServer] Пополнение счета ACC1763761327956 на сумму 10000.0
[2025-11-22 01:45:29] INFO [BankServer] Клиент отключен: null
[2025-11-22 01:45:29] INFO [BankServer] Новое подключение: /127.0.0.1
[2025-11-22 01:45:29] INFO [BankServer] Клиент отключен: null
[2025-11-22 01:45:42] INFO [BankServer] Новое подключение: /127.0.0.1
[2025-11-22 01:45:47] INFO [BankServer] Пользователь Vova успешно авторизован
[2025-11-22 01:46:15] INFO [BankServer] Создан новый счет ACC1763761327957 для пользователя Sergey
[2025-11-22 01:46:29] INFO [BankServer] Пополнение счета ACC1763761327957 на сумму 2500.0
[2025-11-22 01:46:44] INFO [BankServer] Клиент отключен: null
[2025-11-22 01:46:44] INFO [BankServer] Новое подключение: /127.0.0.1
[2025-11-22 01:46:44] INFO [BankServer] Клиент отключен: null
[2025-11-22 02:00:09] ERROR [BankServer] Ошибка обработки клиента: Connection reset
[2025-11-22 02:00:09] INFO [BankServer] Клиент отключен: Vova
[2025-11-22 02:01:26] INFO [BankServer] Сервер банка запускается на порту 12345
[2025-11-22 02:01:26] INFO [BankServer] Сервер банка успешно запущен
[2025-11-22 02:01:35] INFO [BankServer] Новое подключение: /127.0.0.1
[2025-11-22 02:01:46] INFO [BankServer] Зарегистрирован новый пользователь: user1
[2025-11-22 02:01:55] INFO [BankServer] Пользователь user1 успешно авторизован
[2025-11-22 02:02:01] INFO [BankServer] Новое подключение: /127.0.0.1
[2025-11-22 02:02:13] INFO [BankServer] Зарегистрирован новый пользователь: user2
[2025-11-22 02:02:17] INFO [BankServer] Пользователь user2 успешно авторизован
[2025-11-22 02:02:36] INFO [BankServer] Создан новый счет ACC1763762486605 для пользователя user2
[2025-11-22 02:02:46] INFO [BankServer] Создан новый счет ACC1763762486606 для пользователя user1
[2025-11-22 02:03:21] INFO [BankServer] Пополнение счета ACC1763762486606 на сумму 10000.0
[2025-11-22 02:04:42] INFO [BankServer] Создан новый счет ACC1763762486607 для пользователя user1
[2025-11-22 02:05:01] INFO [BankServer] Клиент отключен: null
[2025-11-22 02:05:01] INFO [BankServer] Новое подключение: /127.0.0.1
[2025-11-22 02:05:01] INFO [BankServer] Клиент отключен: null
[2025-11-22 02:05:04] INFO [BankServer] Новое подключение: /127.0.0.1
[2025-11-22 02:05:10] INFO [BankServer] Пользователь user1 успешно авторизован
[2025-11-22 02:05:29] INFO [BankServer] Пополнение счета ACC1763762486607 на сумму 200.0
[2025-11-22 02:08:00] INFO [BankServer] Сервер банка запускается на порту 12345
[2025-11-22 02:08:00] INFO [BankServer] Сервер банка успешно запущен
[2025-11-22 02:08:10] INFO [BankServer] Новое подключение: /127.0.0.1
[2025-11-22 02:08:19] INFO [BankServer] Пользователь user1 успешно авторизован
[2025-11-22 02:08:30] INFO [BankServer] Создан новый счет ACC1763762880739 для пользователя user1
[2025-11-22 02:12:00] INFO [BankServer] Сервер банка запускается на порту 12345
[2025-11-22 02:12:00] INFO [BankServer] Сервер банка успешно запущен
[2025-11-22 02:12:04] INFO [BankServer] Новое подключение: /127.0.0.1
[2025-11-22 02:12:12] INFO [BankServer] Пользователь user1 успешно авторизован
[2025-11-22 02:12:42] INFO [BankServer] Создан новый счет ACC1763763120619 для пользователя user1
[2025-11-22 02:12:52] INFO [BankServer] Пополнение счета ACC1763763120619 на сумму 12042.0
[2025-11-22 02:13:18] INFO [BankServer] Новое подключение: /127.0.0.1
[2025-11-22 02:13:28] WARN [BankServer] Неудачная попытка авторизации для пользователя: Sergey
[2025-11-22 02:13:36] INFO [BankServer] Пользователь user2 успешно авторизован
[2025-11-22 02:17:43] ERROR [BankServer] Ошибка обработки клиента: Connection reset
[2025-11-22 02:17:43] INFO [BankServer] Клиент отключен: user1
[2025-11-22 02:17:59] INFO [BankServer] Сервер банка запускается на порту 12345
[2025-11-22 02:17:59] INFO [BankServer] Сервер банка успешно запущен
[2025-11-22 02:18:11] INFO [BankServer] Новое подключение: /127.0.0.1
[2025-11-22 02:18:19] INFO [BankServer] Пользователь user1 успешно авторизован
[2025-11-22 02:18:26] INFO [BankServer] Новое подключение: /127.0.0.1
[2025-11-22 02:18:38] INFO [BankServer] Пользователь user2 успешно авторизован
[2025-11-22 02:19:10] INFO [BankServer] Перевод с конвертацией: 10,00 USD -> 1000,00 RUB с ACC1763762486607 на ACC1763762486605
[2025-11-22 02:19:42] INFO [BankServer] Клиент отключен: null
[2025-11-22 02:19:42] INFO [BankServer] Новое подключение: /127.0.0.1
[2025-11-22 02:19:42] INFO [BankServer] Клиент отключен: null
[2025-11-22 02:19:48] INFO [BankServer] Клиент отключен: null
[2025-11-22 02:19:48] INFO [BankServer] Новое подключение: /127.0.0.1
[2025-11-22 02:19:48] INFO [BankServer] Клиент отключен: null
[2025-11-22 11:27:05] INFO [BankServer] Сервер банка запускается на порту 12345
[2025-11-22 11:27:05] INFO [BankServer] Сервер банка успешно запущен
[2025-11-22 11:27:39] INFO [BankServer] Новое подключение: /127.0.0.1
[2025-11-22 11:27:47] INFO [BankServer] Пользователь user1 успешно авторизован
[2025-11-22 11:27:56] INFO [BankServer] Создан новый счет ACC1763796425472 для пользователя user1
[2025-11-22 11:28:05] INFO [BankServer] Пополнение счета ACC1763796425472 на сумму 150.0
[2025-11-22 11:28:24] INFO [BankServer] Новое подключение: /127.0.0.1
[2025-11-22 11:28:34] WARN [BankServer] Неудачная попытка авторизации для пользователя: Sergey'
[2025-11-22 11:28:39] WARN [BankServer] Неудачная попытка авторизации для пользователя: Sergey
[2025-11-22 11:28:51] INFO [BankServer] Зарегистрирован новый пользователь: Sergey
[2025-11-22 11:28:57] INFO [BankServer] Пользователь Sergey успешно авторизован
[2025-11-22 11:29:26] INFO [BankServer] Создан новый счет ACC1763796425473 для пользователя Sergey
[2025-11-22 11:35:13] INFO [BankServer] Пополнение счета ACC1763796425473 на сумму 10000.0
=======
=======
>>>>>>> Stashed changes
[2025-11-22 12:40:49] INFO [BankServer] Сервер банка запускается на порту 12345
[2025-11-22 12:40:49] INFO [BankServer] Сервер банка успешно запущен
[2025-11-22 12:41:01] INFO [BankServer] Новое подключение: /127.0.0.1
[2025-11-22 12:41:39] INFO [BankServer] Новое подключение: /127.0.0.1
[2025-11-22 12:41:46] INFO [BankServer] Зарегистрирован новый пользователь: user1
[2025-11-22 12:41:51] INFO [BankServer] Пользователь user1 успешно авторизован
[2025-11-22 12:42:03] INFO [BankServer] Зарегистрирован новый пользователь: user2
[2025-11-22 12:42:06] INFO [BankServer] Пользователь user2 успешно авторизован
[2025-11-22 12:42:10] INFO [BankServer] Создан новый счет ACC1763800849149 для пользователя user2
[2025-11-22 12:42:27] INFO [BankServer] Пополнение счета ACC1763800849149 на сумму 12500.0
[2025-11-22 12:42:36] INFO [BankServer] Создан новый счет ACC1763800849150 для пользователя user1
[2025-11-22 12:42:46] INFO [BankServer] Пополнение счета ACC1763800849150 на сумму 15600.0
[2025-11-22 12:49:49] INFO [BankServer] Сервер банка запускается на порту 12345
[2025-11-22 12:49:49] INFO [BankServer] Сервер банка успешно запущен
[2025-11-22 12:49:55] INFO [BankServer] Новое подключение: /127.0.0.1
[2025-11-22 12:50:14] INFO [BankServer] Новое подключение: /127.0.0.1
[2025-11-22 12:50:19] INFO [BankServer] Пользователь user2 успешно авторизован
[2025-11-22 12:50:31] INFO [BankServer] Пользователь user1 успешно авторизован
[2025-11-22 12:52:19] INFO [BankServer] Перевод 100.0 RUB с ACC1763800849150 на ACC1763800849149
<<<<<<< Updated upstream
>>>>>>> Stashed changes
=======
>>>>>>> Stashed changes
